<?xml version="1.0" encoding="UTF-8"?>
<Site BuildName="(empty)"
	BuildStamp="20240801-0213-Experimental"
	Name="orangepi5plus"
	Generator="ctest-3.16.3"
	CompilerName="/usr/bin/c++"
	CompilerVersion="9.4.0"
	OSName="Linux"
	Hostname="orangepi5plus"
	OSRelease="5.10.160-rockchip-rk3588"
	OSVersion="#1.0.8 SMP Fri Nov 10 17:58:32 CST 2023"
	OSPlatform="aarch64"
	Is64Bits="1"
	VendorString=""
	VendorID="Unknown Manufacturer"
	FamilyID="8"
	ModelID="0"
	ProcessorCacheSize="0"
	NumberOfLogicalCPU="8"
	NumberOfPhysicalCPU="1"
	TotalVirtualMemory="15895"
	TotalPhysicalMemory="31790"
	LogicalProcessorsPerPhysical="8"
	ProcessorClockFrequency="0"
	>
	<Testing>
		<StartDateTime>Aug 01 10:13 CST</StartDateTime>
		<StartTestTime>1722478398</StartTestTime>
		<TestList/>
		<EndDateTime>Aug 01 10:13 CST</EndDateTime>
		<EndTestTime>1722478398</EndTestTime>
		<ElapsedMinutes>0</ElapsedMinutes>
	</Testing>
</Site>
